version: 1

#!RESULT ERROR
#!CONNECTION ldap://localhost:10389
#!DATE 2013-02-11T14:32:58.450
#!ERROR [LDAP: error code 19 - CONSTRAINT_VIOLATION: failed for MessageType : MODIFY_REQUEST Message ID : 30     Modify Request         Object : 'cn=James Wilson,ou=users,o=care'             Modification[0]                 Operation :  replace                 Modification objectClass: top objectClass: inetOrgPerson objectClass: person objectClass: organizationalPerson             Modification[1]                 Operation :  replace                 Modification cn: James Wilson             Modification[2]                 Operation :  replace                 Modification sn: Wilson             Modification[3]                 Operation :  replace                 Modification uid: jwilson             Modification[4]                 Operation :  replace                 Modification userPassword: '0x7B 0x53 0x53 0x48 0x41 0x7D 0x6A 0x49 0x6E 0x66 0x33 0x41 0x59 0x36 0x64 0x62 ...' org.apache.directory.api.ldap.model.message.ModifyRequestImpl@f0dfdc43: invalid reuse of password present in password history]
dn: cn=James Wilson,ou=users,o=care
objectClass: top
objectClass: inetOrgPerson
objectClass: person
objectClass: organizationalPerson
cn: James Wilson
sn: Wilson
uid: jwilson
userPassword:: e1NTSEF9akluZjNBWTZkYjkxSzlaT3RzT1NGTDErTW83YkNFejFmTTN1ekE9P
 Q==

#!RESULT ERROR
#!CONNECTION ldap://localhost:10389
#!DATE 2013-02-11T14:32:58.458
#!ERROR [LDAP: error code 19 - CONSTRAINT_VIOLATION: failed for MessageType : MODIFY_REQUEST Message ID : 32     Modify Request         Object : 'cn=Lisa Cudy,ou=users,o=care'             Modification[0]                 Operation :  replace                 Modification objectClass: top objectClass: inetOrgPerson objectClass: person objectClass: organizationalPerson             Modification[1]                 Operation :  replace                 Modification cn: Lisa Cudy             Modification[2]                 Operation :  replace                 Modification sn: Cudy             Modification[3]                 Operation :  replace                 Modification uid: lcudy             Modification[4]                 Operation :  replace                 Modification userPassword: '0x7B 0x53 0x53 0x48 0x41 0x7D 0x70 0x44 0x44 0x47 0x4C 0x76 0x52 0x74 0x47 0x75 ...' org.apache.directory.api.ldap.model.message.ModifyRequestImpl@635fc64d: invalid reuse of password present in password history]
dn: cn=Lisa Cudy,ou=users,o=care
objectClass: top
objectClass: inetOrgPerson
objectClass: person
objectClass: organizationalPerson
cn: Lisa Cudy
sn: Cudy
uid: lcudy
userPassword:: e1NTSEF9cERER0x2UnRHdThoQ3htaXVtUmphMGhxQU5MaWgyT3dqMUt5dGc9P
 Q==

#!RESULT OK
#!CONNECTION ldap://localhost:10389
#!DATE 2013-02-11T14:32:58.663
dn: ou=groups,o=care
objectClass: top
objectClass: organizationalUnit
ou: groups

#!RESULT ERROR
#!CONNECTION ldap://localhost:10389
#!DATE 2013-02-11T14:32:58.686
#!ERROR [LDAP: error code 19 - CONSTRAINT_VIOLATION: failed for MessageType : MODIFY_REQUEST Message ID : 36     Modify Request         Object : 'cn=Dr House,ou=users,o=care'             Modification[0]                 Operation :  replace                 Modification objectClass: top objectClass: inetOrgPerson objectClass: person objectClass: organizationalPerson             Modification[1]                 Operation :  replace                 Modification cn: Dr House             Modification[2]                 Operation :  replace                 Modification sn: House             Modification[3]                 Operation :  replace                 Modification uid: dhouse             Modification[4]                 Operation :  replace                 Modification userPassword: '0x7B 0x53 0x53 0x48 0x41 0x7D 0x39 0x6E 0x4C 0x76 0x61 0x70 0x34 0x6C 0x46 0x35 ...' org.apache.directory.api.ldap.model.message.ModifyRequestImpl@eafe6743: invalid reuse of password present in password history]
dn: cn=Dr House,ou=users,o=care
objectClass: top
objectClass: inetOrgPerson
objectClass: person
objectClass: organizationalPerson
cn: Dr House
sn: House
uid: dhouse
userPassword:: e1NTSEF9OW5MdmFwNGxGNWRYdm5jRk8wMnZwZVg2eTNPL1VlTjRFMm1QSEE9P
 Q==

#!RESULT OK
#!CONNECTION ldap://localhost:10389
#!DATE 2013-02-11T14:32:58.947
dn: ou=users,o=care
objectClass: top
objectClass: organizationalUnit
ou: users

#!RESULT OK
#!CONNECTION ldap://localhost:10389
#!DATE 2013-02-11T14:32:59.158
dn: cn=Nurse,ou=groups,o=care
objectClass: top
objectClass: groupOfUniqueNames
cn: Nurse
uniqueMember: cn=Allison Cameron, ou=users, o=care

#!RESULT OK
#!CONNECTION ldap://localhost:10389
#!DATE 2013-02-11T14:32:59.367
dn: cn=Administrator,ou=groups,o=care
objectClass: top
objectClass: groupOfUniqueNames
cn: Administrator
uniqueMember: cn=Dr House, ou=users, o=care

#!RESULT OK
#!CONNECTION ldap://localhost:10389
#!DATE 2013-02-11T14:32:59.678
dn: cn=Executive,ou=groups,o=care
objectClass: top
objectClass: groupOfUniqueNames
cn: Executive
uniqueMember: cn=James Wilson, ou=users, o=care

#!RESULT ERROR
#!CONNECTION ldap://localhost:10389
#!DATE 2013-02-11T14:32:59.690
#!ERROR [LDAP: error code 65 - OBJECT_CLASS_VIOLATION: failed for MessageType : MODIFY_REQUEST Message ID : 46     Modify Request         Object : 'o=care'             Modification[0]                 Operation :  replace                 Modification objectclass: top objectclass: organization             Modification[1]                 Operation :  replace                 Modification o: care org.apache.directory.api.ldap.model.message.ModifyRequestImpl@1f0dabd6: ERR_277 Attribute dc not declared in objectClasses of entry o=care]
dn: o=care
objectclass: top
objectclass: organization
o: care

#!RESULT OK
#!CONNECTION ldap://localhost:10389
#!DATE 2013-02-11T14:32:59.965
dn: cn=Responsible,ou=groups,o=care
objectClass: top
objectClass: groupOfUniqueNames
cn: Responsible
uniqueMember: cn=Lisa Cudy, ou=users, o=care

#!RESULT ERROR
#!CONNECTION ldap://localhost:10389
#!DATE 2013-02-11T14:32:59.986
#!ERROR [LDAP: error code 19 - CONSTRAINT_VIOLATION: failed for MessageType : MODIFY_REQUEST Message ID : 50     Modify Request         Object : 'cn=Allison Cameron,ou=users,o=care'             Modification[0]                 Operation :  replace                 Modification objectClass: top objectClass: inetOrgPerson objectClass: person objectClass: organizationalPerson             Modification[1]                 Operation :  replace                 Modification cn: Allison Cameron             Modification[2]                 Operation :  replace                 Modification sn: Cameron             Modification[3]                 Operation :  replace                 Modification uid: acameron             Modification[4]                 Operation :  replace                 Modification userPassword: '0x7B 0x53 0x53 0x48 0x41 0x7D 0x64 0x58 0x76 0x35 0x33 0x4F 0x51 0x2B 0x62 0x67 ...' org.apache.directory.api.ldap.model.message.ModifyRequestImpl@aef486f8: invalid reuse of password present in password history]
dn: cn=Allison Cameron,ou=users,o=care
objectClass: top
objectClass: inetOrgPerson
objectClass: person
objectClass: organizationalPerson
cn: Allison Cameron
sn: Cameron
uid: acameron
userPassword:: e1NTSEF9ZFh2NTNPUStiZ2p4eWsvR2ZTazB6UGJORzFOM0dJUWtnQStjdHc9P
 Q==

